<?xml version="1.0" encoding="utf-8"?><testsuites><testsuite name="pytest" errors="0" failures="45" skipped="4" tests="74" time="40.734" timestamp="2026-02-09T00:02:41.674919" hostname="Anurag"><testcase classname="" name="tests.test_bot" time="0.000"><skipped message="collection skipped">('C:\\Users\\anura\\ai-job-automation-saas\\backend\\tests\\test_bot.py', 15, 'Skipped: Bot engine and scheduler modules not yet implemented')</skipped></testcase><testcase classname="tests.test_auth.TestUserRegistration" name="test_register_new_user" time="0.505"><failure message="assert 500 == 200&#10; +  where 500 = &lt;Response [500 Internal Server Error]&gt;.status_code&#10; +  and   200 = status.HTTP_200_OK">tests\test_auth.py:23: in test_register_new_user
    assert response.status_code == status.HTTP_200_OK
E   assert 500 == 200
E    +  where 500 = &lt;Response [500 Internal Server Error]&gt;.status_code
E    +  and   200 = status.HTTP_200_OK</failure></testcase><testcase classname="tests.test_auth.TestUserRegistration" name="test_register_duplicate_email" time="0.152"><failure message="assert 500 == 400&#10; +  where 500 = &lt;Response [500 Internal Server Error]&gt;.status_code&#10; +  and   400 = status.HTTP_400_BAD_REQUEST">tests\test_auth.py:40: in test_register_duplicate_email
    assert response.status_code == status.HTTP_400_BAD_REQUEST
E   assert 500 == 400
E    +  where 500 = &lt;Response [500 Internal Server Error]&gt;.status_code
E    +  and   400 = status.HTTP_400_BAD_REQUEST</failure></testcase><testcase classname="tests.test_auth.TestUserRegistration" name="test_register_invalid_email" time="0.097" /><testcase classname="tests.test_auth.TestUserRegistration" name="test_register_weak_password" time="0.091" /><testcase classname="tests.test_auth.TestUserLogin" name="test_login_success" time="0.139"><failure message="assert 500 == 200&#10; +  where 500 = &lt;Response [500 Internal Server Error]&gt;.status_code&#10; +  and   200 = status.HTTP_200_OK">tests\test_auth.py:82: in test_login_success
    assert response.status_code == status.HTTP_200_OK
E   assert 500 == 200
E    +  where 500 = &lt;Response [500 Internal Server Error]&gt;.status_code
E    +  and   200 = status.HTTP_200_OK</failure></testcase><testcase classname="tests.test_auth.TestUserLogin" name="test_login_wrong_password" time="0.107"><failure message="assert 429 == 400&#10; +  where 429 = &lt;Response [429 Too Many Requests]&gt;.status_code&#10; +  and   400 = status.HTTP_400_BAD_REQUEST">tests\test_auth.py:96: in test_login_wrong_password
    assert response.status_code == status.HTTP_400_BAD_REQUEST
E   assert 429 == 400
E    +  where 429 = &lt;Response [429 Too Many Requests]&gt;.status_code
E    +  and   400 = status.HTTP_400_BAD_REQUEST</failure></testcase><testcase classname="tests.test_auth.TestUserLogin" name="test_login_nonexistent_user" time="0.081"><failure message="assert 429 == 400&#10; +  where 429 = &lt;Response [429 Too Many Requests]&gt;.status_code&#10; +  and   400 = status.HTTP_400_BAD_REQUEST">tests\test_auth.py:107: in test_login_nonexistent_user
    assert response.status_code == status.HTTP_400_BAD_REQUEST
E   assert 429 == 400
E    +  where 429 = &lt;Response [429 Too Many Requests]&gt;.status_code
E    +  and   400 = status.HTTP_400_BAD_REQUEST</failure></testcase><testcase classname="tests.test_auth.TestUserLogin" name="test_login_missing_credentials" time="0.079"><failure message="assert 429 == 422&#10; +  where 429 = &lt;Response [429 Too Many Requests]&gt;.status_code&#10; +  and   422 = status.HTTP_422_UNPROCESSABLE_ENTITY">tests\test_auth.py:112: in test_login_missing_credentials
    assert response.status_code == status.HTTP_422_UNPROCESSABLE_ENTITY
E   assert 429 == 422
E    +  where 429 = &lt;Response [429 Too Many Requests]&gt;.status_code
E    +  and   422 = status.HTTP_422_UNPROCESSABLE_ENTITY</failure></testcase><testcase classname="tests.test_auth.TestJWTTokens" name="test_token_contains_user_info" time="0.077" /><testcase classname="tests.test_auth.TestJWTTokens" name="test_access_protected_endpoint_with_token" time="0.122"><failure message="assert 404 == 200&#10; +  where 404 = &lt;Response [404 Not Found]&gt;.status_code&#10; +  and   200 = status.HTTP_200_OK">tests\test_auth.py:130: in test_access_protected_endpoint_with_token
    assert response.status_code == status.HTTP_200_OK
E   assert 404 == 200
E    +  where 404 = &lt;Response [404 Not Found]&gt;.status_code
E    +  and   200 = status.HTTP_200_OK</failure></testcase><testcase classname="tests.test_auth.TestJWTTokens" name="test_access_protected_endpoint_without_token" time="0.094"><failure message="assert 404 == 401&#10; +  where 404 = &lt;Response [404 Not Found]&gt;.status_code&#10; +  and   401 = status.HTTP_401_UNAUTHORIZED">tests\test_auth.py:135: in test_access_protected_endpoint_without_token
    assert response.status_code == status.HTTP_401_UNAUTHORIZED
E   assert 404 == 401
E    +  where 404 = &lt;Response [404 Not Found]&gt;.status_code
E    +  and   401 = status.HTTP_401_UNAUTHORIZED</failure></testcase><testcase classname="tests.test_auth.TestJWTTokens" name="test_access_with_invalid_token" time="0.091"><failure message="assert 404 == 401&#10; +  where 404 = &lt;Response [404 Not Found]&gt;.status_code&#10; +  and   401 = status.HTTP_401_UNAUTHORIZED">tests\test_auth.py:143: in test_access_with_invalid_token
    assert response.status_code == status.HTTP_401_UNAUTHORIZED
E   assert 404 == 401
E    +  where 404 = &lt;Response [404 Not Found]&gt;.status_code
E    +  and   401 = status.HTTP_401_UNAUTHORIZED</failure></testcase><testcase classname="tests.test_auth.TestJWTTokens" name="test_token_expiration" time="0.098"><failure message="assert 404 == 401&#10; +  where 404 = &lt;Response [404 Not Found]&gt;.status_code&#10; +  and   401 = status.HTTP_401_UNAUTHORIZED">tests\test_auth.py:160: in test_token_expiration
    assert response.status_code == status.HTTP_401_UNAUTHORIZED
E   assert 404 == 401
E    +  where 404 = &lt;Response [404 Not Found]&gt;.status_code
E    +  and   401 = status.HTTP_401_UNAUTHORIZED</failure></testcase><testcase classname="tests.test_auth.TestRoleBasedAccess" name="test_admin_can_access_admin_endpoint" time="0.143" /><testcase classname="tests.test_auth.TestRoleBasedAccess" name="test_member_cannot_access_admin_endpoint" time="0.152"><failure message="assert 404 == 403&#10; +  where 404 = &lt;Response [404 Not Found]&gt;.status_code&#10; +  and   403 = status.HTTP_403_FORBIDDEN">tests\test_auth.py:174: in test_member_cannot_access_admin_endpoint
    assert response.status_code == status.HTTP_403_FORBIDDEN
E   assert 404 == 403
E    +  where 404 = &lt;Response [404 Not Found]&gt;.status_code
E    +  and   403 = status.HTTP_403_FORBIDDEN</failure></testcase><testcase classname="tests.test_auth.TestRoleBasedAccess" name="test_viewer_has_read_only_access" time="0.085"><failure message="AttributeError: VIEWER">tests\test_auth.py:186: in test_viewer_has_read_only_access
    role=UserRole.VIEWER,
..\..\AppData\Local\Programs\Python\Python311\Lib\enum.py:786: in __getattr__
    raise AttributeError(name) from None
E   AttributeError: VIEWER</failure></testcase><testcase classname="tests.test_auth.TestPasswordSecurity" name="test_password_is_hashed" time="0.034" /><testcase classname="tests.test_auth.TestPasswordSecurity" name="test_password_verification" time="0.004" /><testcase classname="tests.test_auth.TestPasswordSecurity" name="test_same_password_different_hashes" time="0.002" /><testcase classname="tests.test_jobs.TestJobCreation" name="test_create_job_authenticated" time="0.122"><failure message="assert 405 == 200&#10; +  where 405 = &lt;Response [405 Method Not Allowed]&gt;.status_code&#10; +  and   200 = status.HTTP_200_OK">tests\test_jobs.py:27: in test_create_job_authenticated
    assert response.status_code == status.HTTP_200_OK
E   assert 405 == 200
E    +  where 405 = &lt;Response [405 Method Not Allowed]&gt;.status_code
E    +  and   200 = status.HTTP_200_OK</failure></testcase><testcase classname="tests.test_jobs.TestJobCreation" name="test_create_job_unauthenticated" time="0.113"><failure message="assert 405 == 401&#10; +  where 405 = &lt;Response [405 Method Not Allowed]&gt;.status_code&#10; +  and   401 = status.HTTP_401_UNAUTHORIZED">tests\test_jobs.py:40: in test_create_job_unauthenticated
    assert response.status_code == status.HTTP_401_UNAUTHORIZED
E   assert 405 == 401
E    +  where 405 = &lt;Response [405 Method Not Allowed]&gt;.status_code
E    +  and   401 = status.HTTP_401_UNAUTHORIZED</failure></testcase><testcase classname="tests.test_jobs.TestJobCreation" name="test_create_job_missing_required_fields" time="0.105"><failure message="assert 405 == 422&#10; +  where 405 = &lt;Response [405 Method Not Allowed]&gt;.status_code&#10; +  and   422 = status.HTTP_422_UNPROCESSABLE_ENTITY">tests\test_jobs.py:49: in test_create_job_missing_required_fields
    assert response.status_code == status.HTTP_422_UNPROCESSABLE_ENTITY
E   assert 405 == 422
E    +  where 405 = &lt;Response [405 Method Not Allowed]&gt;.status_code
E    +  and   422 = status.HTTP_422_UNPROCESSABLE_ENTITY</failure></testcase><testcase classname="tests.test_jobs.TestJobCreation" name="test_create_job_with_invalid_status" time="0.091"><failure message="assert 405 == 422&#10; +  where 405 = &lt;Response [405 Method Not Allowed]&gt;.status_code&#10; +  and   422 = status.HTTP_422_UNPROCESSABLE_ENTITY">tests\test_jobs.py:68: in test_create_job_with_invalid_status
    assert response.status_code == status.HTTP_422_UNPROCESSABLE_ENTITY
E   assert 405 == 422
E    +  where 405 = &lt;Response [405 Method Not Allowed]&gt;.status_code
E    +  and   422 = status.HTTP_422_UNPROCESSABLE_ENTITY</failure></testcase><testcase classname="tests.test_jobs.TestJobRetrieval" name="test_get_all_jobs" time="0.160"><failure message="assert 0 &gt;= 3&#10; +  where 0 = len([])">tests\test_jobs.py:87: in test_get_all_jobs
    assert len(data) &gt;= 3
E   assert 0 &gt;= 3
E    +  where 0 = len([])</failure></testcase><testcase classname="tests.test_jobs.TestJobRetrieval" name="test_get_job_by_id" time="0.123"><failure message="assert 404 == 200&#10; +  where 404 = &lt;Response [404 Not Found]&gt;.status_code&#10; +  and   200 = status.HTTP_200_OK">tests\test_jobs.py:102: in test_get_job_by_id
    assert response.status_code == status.HTTP_200_OK
E   assert 404 == 200
E    +  where 404 = &lt;Response [404 Not Found]&gt;.status_code
E    +  and   200 = status.HTTP_200_OK</failure></testcase><testcase classname="tests.test_jobs.TestJobRetrieval" name="test_get_nonexistent_job" time="0.115" /><testcase classname="tests.test_jobs.TestJobRetrieval" name="test_filter_jobs_by_status" time="0.149" /><testcase classname="tests.test_jobs.TestJobRetrieval" name="test_search_jobs_by_company" time="0.183" /><testcase classname="tests.test_jobs.TestJobUpdate" name="test_update_job" time="0.140"><failure message="assert 404 == 200&#10; +  where 404 = &lt;Response [404 Not Found]&gt;.status_code&#10; +  and   200 = status.HTTP_200_OK">tests\test_jobs.py:170: in test_update_job
    assert response.status_code == status.HTTP_200_OK
E   assert 404 == 200
E    +  where 404 = &lt;Response [404 Not Found]&gt;.status_code
E    +  and   200 = status.HTTP_200_OK</failure></testcase><testcase classname="tests.test_jobs.TestJobUpdate" name="test_update_job_status_only" time="0.099"><failure message="AttributeError: INTERVIEW">tests\test_jobs.py:185: in test_update_job_status_only
    json={"status": JobStatus.INTERVIEW}
..\..\AppData\Local\Programs\Python\Python311\Lib\enum.py:786: in __getattr__
    raise AttributeError(name) from None
E   AttributeError: INTERVIEW</failure></testcase><testcase classname="tests.test_jobs.TestJobUpdate" name="test_update_nonexistent_job" time="0.154" /><testcase classname="tests.test_jobs.TestJobDeletion" name="test_delete_job" time="0.101"><failure message="assert 404 == 200&#10; +  where 404 = &lt;Response [404 Not Found]&gt;.status_code&#10; +  and   200 = status.HTTP_200_OK">tests\test_jobs.py:213: in test_delete_job
    assert response.status_code == status.HTTP_200_OK
E   assert 404 == 200
E    +  where 404 = &lt;Response [404 Not Found]&gt;.status_code
E    +  and   200 = status.HTTP_200_OK</failure></testcase><testcase classname="tests.test_jobs.TestJobDeletion" name="test_delete_nonexistent_job" time="0.096" /><testcase classname="tests.test_jobs.TestJobDeletion" name="test_admin_can_delete_any_job" time="0.086"><failure message="assert 404 == 200&#10; +  where 404 = &lt;Response [404 Not Found]&gt;.status_code&#10; +  and   200 = status.HTTP_200_OK">tests\test_jobs.py:232: in test_admin_can_delete_any_job
    assert response.status_code == status.HTTP_200_OK
E   assert 404 == 200
E    +  where 404 = &lt;Response [404 Not Found]&gt;.status_code
E    +  and   200 = status.HTTP_200_OK</failure></testcase><testcase classname="tests.test_jobs.TestJobPagination" name="test_paginate_jobs" time="0.101"><failure message="assert 0 == 10&#10; +  where 0 = len([])">tests\test_jobs.py:256: in test_paginate_jobs
    assert len(data) == 10
E   assert 0 == 10
E    +  where 0 = len([])</failure></testcase><testcase classname="tests.test_jobs.TestJobPagination" name="test_pagination_with_filters" time="0.167"><failure message="assert 0 == 10&#10; +  where 0 = len([])">tests\test_jobs.py:284: in test_pagination_with_filters
    assert len(data) == 10
E   assert 0 == 10
E    +  where 0 = len([])</failure></testcase><testcase classname="tests.test_local_ai" name="test_check_ollama_availability_success" time="0.015" /><testcase classname="tests.test_local_ai" name="test_check_ollama_availability_failure" time="0.008"><failure message="Exception: Connection error">tests\test_local_ai.py:26: in test_check_ollama_availability_failure
    assert local_llm._check_ollama_availability() is False
app\services\ai\local_llm.py:25: in _check_ollama_availability
    response = requests.get(f"{self.base_url}/api/tags", timeout=2)
..\..\AppData\Local\Programs\Python\Python311\Lib\unittest\mock.py:1124: in __call__
    return self._mock_call(*args, **kwargs)
..\..\AppData\Local\Programs\Python\Python311\Lib\unittest\mock.py:1128: in _mock_call
    return self._execute_mock_call(*args, **kwargs)
..\..\AppData\Local\Programs\Python\Python311\Lib\unittest\mock.py:1183: in _execute_mock_call
    raise effect
E   Exception: Connection error</failure></testcase><testcase classname="tests.test_local_ai" name="test_generate_primary_success" time="0.008" /><testcase classname="tests.test_local_ai" name="test_generate_fallback_logic" time="0.008" /><testcase classname="tests.test_local_ai" name="test_generate_resume_bullets" time="0.006" /><testcase classname="tests.test_teams.TestTeamIsolation" name="test_user_cannot_see_other_team_jobs" time="0.154" /><testcase classname="tests.test_teams.TestTeamIsolation" name="test_user_cannot_access_other_team_job_by_id" time="0.122" /><testcase classname="tests.test_teams.TestTeamIsolation" name="test_user_cannot_update_other_team_job" time="0.151" /><testcase classname="tests.test_teams.TestTeamIsolation" name="test_user_cannot_delete_other_team_job" time="0.121" /><testcase classname="tests.test_teams.TestTeamManagement" name="test_create_team_on_registration" time="0.099"><failure message="assert 429 == 200&#10; +  where 429 = &lt;Response [429 Too Many Requests]&gt;.status_code&#10; +  and   200 = status.HTTP_200_OK">tests\test_teams.py:158: in test_create_team_on_registration
    assert response.status_code == status.HTTP_200_OK
E   assert 429 == 200
E    +  where 429 = &lt;Response [429 Too Many Requests]&gt;.status_code
E    +  and   200 = status.HTTP_200_OK</failure></testcase><testcase classname="tests.test_teams.TestTeamManagement" name="test_admin_can_invite_team_members" time="0.124"><failure message="assert 404 in [200, 201]&#10; +  where 404 = &lt;Response [404 Not Found]&gt;.status_code">tests\test_teams.py:173: in test_admin_can_invite_team_members
    assert response.status_code in [status.HTTP_200_OK, status.HTTP_201_CREATED]
E   assert 404 in [200, 201]
E    +  where 404 = &lt;Response [404 Not Found]&gt;.status_code</failure></testcase><testcase classname="tests.test_teams.TestTeamManagement" name="test_member_cannot_invite_team_members" time="0.121"><failure message="assert 404 == 403&#10; +  where 404 = &lt;Response [404 Not Found]&gt;.status_code&#10; +  and   403 = status.HTTP_403_FORBIDDEN">tests\test_teams.py:185: in test_member_cannot_invite_team_members
    assert response.status_code == status.HTTP_403_FORBIDDEN
E   assert 404 == 403
E    +  where 404 = &lt;Response [404 Not Found]&gt;.status_code
E    +  and   403 = status.HTTP_403_FORBIDDEN</failure></testcase><testcase classname="tests.test_teams.TestTeamManagement" name="test_get_team_members" time="0.106"><failure message="assert 404 == 200&#10; +  where 404 = &lt;Response [404 Not Found]&gt;.status_code&#10; +  and   200 = status.HTTP_200_OK">tests\test_teams.py:203: in test_get_team_members
    assert response.status_code == status.HTTP_200_OK
E   assert 404 == 200
E    +  where 404 = &lt;Response [404 Not Found]&gt;.status_code
E    +  and   200 = status.HTTP_200_OK</failure></testcase><testcase classname="tests.test_teams.TestTeamManagement" name="test_admin_can_remove_team_member" time="0.131"><failure message="assert 404 == 200&#10; +  where 404 = &lt;Response [404 Not Found]&gt;.status_code&#10; +  and   200 = status.HTTP_200_OK">tests\test_teams.py:224: in test_admin_can_remove_team_member
    assert response.status_code == status.HTTP_200_OK
E   assert 404 == 200
E    +  where 404 = &lt;Response [404 Not Found]&gt;.status_code
E    +  and   200 = status.HTTP_200_OK</failure></testcase><testcase classname="tests.test_teams.TestTeamManagement" name="test_member_cannot_remove_team_member" time="0.118"><failure message="assert 404 == 403&#10; +  where 404 = &lt;Response [404 Not Found]&gt;.status_code&#10; +  and   403 = status.HTTP_403_FORBIDDEN">tests\test_teams.py:242: in test_member_cannot_remove_team_member
    assert response.status_code == status.HTTP_403_FORBIDDEN
E   assert 404 == 403
E    +  where 404 = &lt;Response [404 Not Found]&gt;.status_code
E    +  and   403 = status.HTTP_403_FORBIDDEN</failure></testcase><testcase classname="tests.test_teams.TestTeamSettings" name="test_team_has_isolated_settings" time="0.003"><skipped type="pytest.skip" message="Settings model not implemented yet">C:\Users\anura\ai-job-automation-saas\backend\tests\test_teams.py:249: Settings model not implemented yet</skipped></testcase><testcase classname="tests.test_teams.TestTeamSettings" name="test_update_team_settings" time="0.002"><skipped type="pytest.skip" message="Settings model not implemented yet">C:\Users\anura\ai-job-automation-saas\backend\tests\test_teams.py:268: Settings model not implemented yet</skipped></testcase><testcase classname="tests.test_teams.TestTeamSettings" name="test_member_cannot_update_team_settings" time="0.002"><skipped type="pytest.skip" message="Settings model not implemented yet">C:\Users\anura\ai-job-automation-saas\backend\tests\test_teams.py:280: Settings model not implemented yet</skipped></testcase><testcase classname="tests.test_teams.TestCrossTeamDataLeaks" name="test_search_does_not_leak_other_team_data" time="0.154" /><testcase classname="tests.test_teams.TestCrossTeamDataLeaks" name="test_statistics_are_team_isolated" time="0.164" /><testcase classname="tests.smoke.test_smoke.TestAuthenticationFlow" name="test_01_health_check" time="2.325" /><testcase classname="tests.smoke.test_smoke.TestAuthenticationFlow" name="test_02_user_registration" time="2.208"><failure message="assert 422 == 200&#10; +  where 422 = &lt;Response [422]&gt;.status_code">tests\smoke\test_smoke.py:51: in test_02_user_registration
    assert response.status_code == 200
E   assert 422 == 200
E    +  where 422 = &lt;Response [422]&gt;.status_code</failure></testcase><testcase classname="tests.smoke.test_smoke.TestAuthenticationFlow" name="test_03_user_login" time="16.765"><failure message="assert 500 == 200&#10; +  where 500 = &lt;Response [500]&gt;.status_code">tests\smoke\test_smoke.py:68: in test_03_user_login
    assert response.status_code == 200
E   assert 500 == 200
E    +  where 500 = &lt;Response [500]&gt;.status_code</failure></testcase><testcase classname="tests.smoke.test_smoke.TestAuthenticationFlow" name="test_04_get_current_user" time="0.004"><failure message="AssertionError: Must login first&#10;assert None is not None">tests\smoke\test_smoke.py:77: in test_04_get_current_user
    assert auth_token is not None, "Must login first"
E   AssertionError: Must login first
E   assert None is not None</failure></testcase><testcase classname="tests.smoke.test_smoke.TestAuthenticationFlow" name="test_05_invalid_login" time="3.541"><failure message="assert 500 == 401&#10; +  where 500 = &lt;Response [500]&gt;.status_code">tests\smoke\test_smoke.py:98: in test_05_invalid_login
    assert response.status_code == 401
E   assert 500 == 401
E    +  where 500 = &lt;Response [500]&gt;.status_code</failure></testcase><testcase classname="tests.smoke.test_smoke.TestResumeFlow" name="test_01_list_resumes_empty" time="0.004"><failure message="AssertionError: Must login first&#10;assert None is not None">tests\smoke\test_smoke.py:107: in test_01_list_resumes_empty
    assert auth_token is not None, "Must login first"
E   AssertionError: Must login first
E   assert None is not None</failure></testcase><testcase classname="tests.smoke.test_smoke.TestResumeFlow" name="test_02_upload_resume" time="0.004"><failure message="AssertionError: Must login first&#10;assert None is not None">tests\smoke\test_smoke.py:121: in test_02_upload_resume
    assert auth_token is not None, "Must login first"
E   AssertionError: Must login first
E   assert None is not None</failure></testcase><testcase classname="tests.smoke.test_smoke.TestResumeFlow" name="test_03_list_resumes_with_data" time="0.003"><failure message="AssertionError: Must login first&#10;assert None is not None">tests\smoke\test_smoke.py:145: in test_03_list_resumes_with_data
    assert auth_token is not None, "Must login first"
E   AssertionError: Must login first
E   assert None is not None</failure></testcase><testcase classname="tests.smoke.test_smoke.TestResumeFlow" name="test_04_download_resume" time="0.003"><failure message="AssertionError: Must login first&#10;assert None is not None">tests\smoke\test_smoke.py:159: in test_04_download_resume
    assert auth_token is not None, "Must login first"
E   AssertionError: Must login first
E   assert None is not None</failure></testcase><testcase classname="tests.smoke.test_smoke.TestResumeFlow" name="test_05_delete_resume" time="0.003"><failure message="AssertionError: Must login first&#10;assert None is not None">tests\smoke\test_smoke.py:173: in test_05_delete_resume
    assert auth_token is not None, "Must login first"
E   AssertionError: Must login first
E   assert None is not None</failure></testcase><testcase classname="tests.smoke.test_smoke.TestJobScrapingFlow" name="test_01_scrape_jobs" time="0.004"><failure message="AssertionError: Must login first&#10;assert None is not None">tests\smoke\test_smoke.py:189: in test_01_scrape_jobs
    assert auth_token is not None, "Must login first"
E   AssertionError: Must login first
E   assert None is not None</failure></testcase><testcase classname="tests.smoke.test_smoke.TestJobScrapingFlow" name="test_02_list_scraped_jobs" time="0.003"><failure message="AssertionError: Must login first&#10;assert None is not None">tests\smoke\test_smoke.py:213: in test_02_list_scraped_jobs
    assert auth_token is not None, "Must login first"
E   AssertionError: Must login first
E   assert None is not None</failure></testcase><testcase classname="tests.smoke.test_smoke.TestSchedulerFlow" name="test_01_scheduler_status" time="0.003"><failure message="AssertionError: Must login first&#10;assert None is not None">tests\smoke\test_smoke.py:230: in test_01_scheduler_status
    assert auth_token is not None, "Must login first"
E   AssertionError: Must login first
E   assert None is not None</failure></testcase><testcase classname="tests.smoke.test_smoke.TestSchedulerFlow" name="test_02_list_jobs" time="0.004"><failure message="AssertionError: Must login first&#10;assert None is not None">tests\smoke\test_smoke.py:244: in test_02_list_jobs
    assert auth_token is not None, "Must login first"
E   AssertionError: Must login first
E   assert None is not None</failure></testcase><testcase classname="tests.smoke.test_smoke.TestStatsFlow" name="test_01_dashboard_stats" time="0.002"><failure message="AssertionError: Must login first&#10;assert None is not None">tests\smoke\test_smoke.py:261: in test_01_dashboard_stats
    assert auth_token is not None, "Must login first"
E   AssertionError: Must login first
E   assert None is not None</failure></testcase><testcase classname="tests.smoke.test_smoke.TestWebSocketFlow" name="test_01_websocket_endpoint_exists" time="2.056" /><testcase classname="tests.smoke.test_smoke" name="test_summary" time="0.014" /></testsuite></testsuites>